[ERROR] 缺少FSM结构
[RAW] None

[ERROR] 状态转移规则不正确
[RAW] 以下是符合您要求的JSON格式状态机描述：

```json
{
  "name": "BinaryParityChecker",
  "states": ["Even", "Odd"],
  "input_symbols": ["0", "1"],
  "transitions": {
    "Even": {
      "0": "Even",
      "1": "Odd"
    },
    "Odd": {
      "0": "Even",
      "1": "Odd"
    }
  },
  "start_state": "Even",
  "accept_states": ["Even"]
}
```

解释：
1. `states` 包含两个状态：Even 和 Odd
2. `input_symbols` 包含输入符号 "0" 和 "1"
3. `transitions` 定义了状态转移规则：
   - Even 状态收到 "0" 保持 Even
   - Even 状态收到 "1" 变为 Odd
   - Odd 状态收到 "0" 变为 Even
   - Odd 状态收到 "1" 保持 Odd
4. `start_state` 设置为 Even
5. `accept_states` 只包含 Even，表示偶数状态为接受状态

这个状态机可以用来检查二进制串的奇偶性，当最终状态为 Even 时表示输入串中1的个数为偶数。

